c:\users\tank\dropbox\cge\course work\gametech cw\graphicscoursework\graphicscoursework\debug\graphicscoursework.pch
c:\users\tank\dropbox\cge\course work\gametech cw\graphicscoursework\graphicscoursework\debug\vc120.pdb
c:\users\tank\dropbox\cge\course work\gametech cw\graphicscoursework\graphicscoursework\debug\vc120.idb
c:\users\tank\dropbox\cge\course work\gametech cw\graphicscoursework\graphicscoursework\debug\stdafx.obj
c:\users\tank\dropbox\cge\course work\gametech cw\graphicscoursework\graphicscoursework\debug\branch.obj
c:\users\tank\dropbox\cge\course work\gametech cw\graphicscoursework\graphicscoursework\debug\collisionprimitive.obj
c:\users\tank\dropbox\cge\course work\gametech cw\graphicscoursework\graphicscoursework\debug\gameclass.obj
c:\users\tank\dropbox\cge\course work\gametech cw\graphicscoursework\graphicscoursework\debug\gameentity.obj
c:\users\tank\dropbox\cge\course work\gametech cw\graphicscoursework\graphicscoursework\debug\graphicscoursework.obj
c:\users\tank\dropbox\cge\course work\gametech cw\graphicscoursework\graphicscoursework\debug\mygame.obj
c:\users\tank\dropbox\cge\course work\gametech cw\graphicscoursework\graphicscoursework\debug\physicsnode.obj
c:\users\tank\dropbox\cge\course work\gametech cw\graphicscoursework\graphicscoursework\debug\physicsshapes.obj
c:\users\tank\dropbox\cge\course work\gametech cw\graphicscoursework\graphicscoursework\debug\physicssystem.obj
c:\users\tank\dropbox\cge\course work\gametech cw\graphicscoursework\graphicscoursework\debug\renderer.obj
c:\users\tank\dropbox\cge\course work\gametech cw\graphicscoursework\graphicscoursework\debug\textmesh.obj
c:\users\tank\dropbox\cge\course work\gametech cw\graphicscoursework\graphicscoursework\debug\tree.obj
c:\users\tank\dropbox\cge\course work\gametech cw\graphicscoursework\graphicscoursework\debug\trunk.obj
c:\users\tank\dropbox\cge\course work\gametech cw\graphicscoursework\debug\graphicscoursework.pdb
c:\users\tank\dropbox\cge\course work\gametech cw\graphicscoursework\graphicscoursework\debug\graphics.c5b684df.tlog\cl.command.1.tlog
c:\users\tank\dropbox\cge\course work\gametech cw\graphicscoursework\graphicscoursework\debug\graphics.c5b684df.tlog\cl.read.1.tlog
c:\users\tank\dropbox\cge\course work\gametech cw\graphicscoursework\graphicscoursework\debug\graphics.c5b684df.tlog\cl.write.1.tlog
c:\users\tank\dropbox\cge\course work\gametech cw\graphicscoursework\graphicscoursework\debug\graphics.c5b684df.tlog\link.8440-cvtres.read.1.tlog
c:\users\tank\dropbox\cge\course work\gametech cw\graphicscoursework\graphicscoursework\debug\graphics.c5b684df.tlog\link.8440-cvtres.write.1.tlog
c:\users\tank\dropbox\cge\course work\gametech cw\graphicscoursework\graphicscoursework\debug\graphics.c5b684df.tlog\link.8440-rc.read.1.tlog
c:\users\tank\dropbox\cge\course work\gametech cw\graphicscoursework\graphicscoursework\debug\graphics.c5b684df.tlog\link.8440-rc.write.1.tlog
c:\users\tank\dropbox\cge\course work\gametech cw\graphicscoursework\graphicscoursework\debug\graphics.c5b684df.tlog\link.8440.read.1.tlog
c:\users\tank\dropbox\cge\course work\gametech cw\graphicscoursework\graphicscoursework\debug\graphics.c5b684df.tlog\link.8440.write.1.tlog
c:\users\tank\dropbox\cge\course work\gametech cw\graphicscoursework\graphicscoursework\debug\graphics.c5b684df.tlog\link.command.1.tlog
c:\users\tank\dropbox\cge\course work\gametech cw\graphicscoursework\graphicscoursework\debug\graphics.c5b684df.tlog\link.read.1.tlog
c:\users\tank\dropbox\cge\course work\gametech cw\graphicscoursework\graphicscoursework\debug\graphics.c5b684df.tlog\link.write.1.tlog
