Build started 2014/12/12 3:56:17.
     1>Project "C:\Users\Tank\Dropbox\CGE\Course Work\GameTech CW\GraphicsCourseWork\GraphicsCourseWork\GraphicsCourseWork.vcxproj" on node 2 (Build target(s)).
     1>ClCompile:
         C:\Program Files (x86)\Microsoft Visual Studio 12.0\VC\bin\CL.exe /c /ZI /nologo /W3 /WX- /Od /Oy- /D WIN32 /D _DEBUG /D _CONSOLE /D _LIB /D _UNICODE /D UNICODE /Gm /EHsc /RTC1 /MDd /GS /fp:precise /Zc:wchar_t /Zc:forScope /Yu"stdafx.h" /Fp"Debug\GraphicsCourseWork.pch" /Fo"Debug\\" /Fd"Debug\vc120.pdb" /Gd /TP /analyze- /errorReport:prompt MyGame.cpp PhysicsSystem.cpp
         PhysicsSystem.cpp
         MyGame.cpp
     1>c:\users\tank\dropbox\cge\course work\gametech cw\graphicscoursework\graphicscoursework\mygame.cpp(420): warning C4244: 'argument' : conversion from 'int' to 'const float', possible loss of data
     1>c:\users\tank\dropbox\cge\course work\gametech cw\graphicscoursework\graphicscoursework\mygame.cpp(421): warning C4244: 'argument' : conversion from 'int' to 'const float', possible loss of data
         Generating Code...
       Link:
         C:\Program Files (x86)\Microsoft Visual Studio 12.0\VC\bin\link.exe /ERRORREPORT:PROMPT /OUT:"C:\Users\Tank\Dropbox\CGE\Course Work\GameTech CW\GraphicsCourseWork\Debug\GraphicsCourseWork.exe" /INCREMENTAL /NOLOGO kernel32.lib user32.lib gdi32.lib winspool.lib comdlg32.lib advapi32.lib shell32.lib ole32.lib oleaut32.lib uuid.lib odbc32.lib odbccp32.lib /MANIFEST /MANIFESTUAC:"level='asInvoker' uiAccess='false'" /manifest:embed /DEBUG /PDB:"C:\Users\Tank\Dropbox\CGE\Course Work\GameTech CW\GraphicsCourseWork\Debug\GraphicsCourseWork.pdb" /SUBSYSTEM:CONSOLE /TLBID:1 /DYNAMICBASE /NXCOMPAT /IMPLIB:"C:\Users\Tank\Dropbox\CGE\Course Work\GameTech CW\GraphicsCourseWork\Debug\GraphicsCourseWork.lib" /MACHINE:X86 Debug\Branch.obj
         Debug\CollisionPrimitive.obj
         Debug\GameClass.obj
         Debug\GameEntity.obj
         Debug\GraphicsCourseWork.obj
         Debug\MyGame.obj
         Debug\PhysicsNode.obj
         Debug\PhysicsShapes.obj
         Debug\PhysicsSystem.obj
         Debug\Renderer.obj
         Debug\stdafx.obj
         Debug\TextMesh.obj
         Debug\Tree.obj
         Debug\Trunk.obj
         GraphicsCourseWork.vcxproj -> C:\Users\Tank\Dropbox\CGE\Course Work\GameTech CW\GraphicsCourseWork\Debug\GraphicsCourseWork.exe
     1>Done Building Project "C:\Users\Tank\Dropbox\CGE\Course Work\GameTech CW\GraphicsCourseWork\GraphicsCourseWork\GraphicsCourseWork.vcxproj" (Build target(s)).

Build succeeded.

Time Elapsed 00:00:01.56
