c:\users\tank\dropbox\cge\course work\gametech cw\graphicscoursework\graphicscoursework\release\graphicscoursework.pch
c:\users\tank\dropbox\cge\course work\gametech cw\graphicscoursework\graphicscoursework\release\vc120.pdb
c:\users\tank\dropbox\cge\course work\gametech cw\graphicscoursework\graphicscoursework\release\stdafx.obj
c:\users\tank\dropbox\cge\course work\gametech cw\graphicscoursework\graphicscoursework\release\trunk.obj
c:\users\tank\dropbox\cge\course work\gametech cw\graphicscoursework\graphicscoursework\release\tree.obj
c:\users\tank\dropbox\cge\course work\gametech cw\graphicscoursework\graphicscoursework\release\textmesh.obj
c:\users\tank\dropbox\cge\course work\gametech cw\graphicscoursework\graphicscoursework\release\renderer.obj
c:\users\tank\dropbox\cge\course work\gametech cw\graphicscoursework\graphicscoursework\release\physicssystem.obj
c:\users\tank\dropbox\cge\course work\gametech cw\graphicscoursework\graphicscoursework\release\physicsshapes.obj
c:\users\tank\dropbox\cge\course work\gametech cw\graphicscoursework\graphicscoursework\release\physicsnode.obj
c:\users\tank\dropbox\cge\course work\gametech cw\graphicscoursework\graphicscoursework\release\mygame.obj
c:\users\tank\dropbox\cge\course work\gametech cw\graphicscoursework\graphicscoursework\release\graphicscoursework.obj
c:\users\tank\dropbox\cge\course work\gametech cw\graphicscoursework\graphicscoursework\release\gameentity.obj
c:\users\tank\dropbox\cge\course work\gametech cw\graphicscoursework\graphicscoursework\release\gameclass.obj
c:\users\tank\dropbox\cge\course work\gametech cw\graphicscoursework\graphicscoursework\release\collisionprimitive.obj
c:\users\tank\dropbox\cge\course work\gametech cw\graphicscoursework\graphicscoursework\release\branch.obj
c:\users\tank\dropbox\cge\course work\gametech cw\graphicscoursework\release\graphicscoursework.exe
c:\users\tank\dropbox\cge\course work\gametech cw\graphicscoursework\release\graphicscoursework.pdb
c:\users\tank\dropbox\cge\course work\gametech cw\graphicscoursework\graphicscoursework\release\graphics.c5b684df.tlog\cl.command.1.tlog
c:\users\tank\dropbox\cge\course work\gametech cw\graphicscoursework\graphicscoursework\release\graphics.c5b684df.tlog\cl.read.1.tlog
c:\users\tank\dropbox\cge\course work\gametech cw\graphicscoursework\graphicscoursework\release\graphics.c5b684df.tlog\cl.write.1.tlog
c:\users\tank\dropbox\cge\course work\gametech cw\graphicscoursework\graphicscoursework\release\graphics.c5b684df.tlog\link.command.1.tlog
c:\users\tank\dropbox\cge\course work\gametech cw\graphicscoursework\graphicscoursework\release\graphics.c5b684df.tlog\link.read.1.tlog
c:\users\tank\dropbox\cge\course work\gametech cw\graphicscoursework\graphicscoursework\release\graphics.c5b684df.tlog\link.write.1.tlog
