Build started 20/02/2015 13:27:35.
     1>Project "D:\Dropbox\Dropbox\CGE\Course Work\GameTech CW\GraphicsCourseWork\GraphicsCourseWork\GraphicsCourseWork.vcxproj" on node 2 (Build target(s)).
     1>ClCompile:
         C:\Program Files (x86)\Microsoft Visual Studio 12.0\VC\bin\CL.exe /c /Zi /nologo /W3 /WX- /O2 /Oi /Oy- /GL /D WIN32 /D NDEBUG /D _CONSOLE /D _LIB /D _UNICODE /D UNICODE /Gm- /EHsc /MD /GS /Gy /fp:precise /Zc:wchar_t /Zc:forScope /Yu"stdafx.h" /Fp"Release\GraphicsCourseWork.pch" /Fo"Release\\" /Fd"Release\vc120.pdb" /Gd /TP /analyze- /errorReport:prompt Renderer.cpp
         Renderer.cpp
       Link:
         C:\Program Files (x86)\Microsoft Visual Studio 12.0\VC\bin\link.exe /ERRORREPORT:PROMPT /OUT:"D:\Dropbox\Dropbox\CGE\Course Work\GameTech CW\GraphicsCourseWork\Release\GraphicsCourseWork.exe" /INCREMENTAL:NO /NOLOGO kernel32.lib user32.lib gdi32.lib winspool.lib comdlg32.lib advapi32.lib shell32.lib ole32.lib oleaut32.lib uuid.lib odbc32.lib odbccp32.lib /MANIFEST /MANIFESTUAC:"level='asInvoker' uiAccess='false'" /manifest:embed /DEBUG /PDB:"D:\Dropbox\Dropbox\CGE\Course Work\GameTech CW\GraphicsCourseWork\Release\GraphicsCourseWork.pdb" /SUBSYSTEM:CONSOLE /OPT:REF /OPT:ICF /LTCG /TLBID:1 /DYNAMICBASE /NXCOMPAT /IMPLIB:"D:\Dropbox\Dropbox\CGE\Course Work\GameTech CW\GraphicsCourseWork\Release\GraphicsCourseWork.lib" /MACHINE:X86 /SAFESEH Release\Branch.obj
         Release\CollisionPrimitive.obj
         Release\GameClass.obj
         Release\GameEntity.obj
         Release\GraphicsCourseWork.obj
         Release\MyGame.obj
         Release\PhysicsNode.obj
         Release\PhysicsShapes.obj
         Release\PhysicsSystem.obj
         Release\Renderer.obj
         Release\stdafx.obj
         Release\TextMesh.obj
         Release\Tree.obj
         Release\Trunk.obj
         Generating code
         Finished generating code
     1>SOIL.lib(SOIL.obj) : warning LNK4099: PDB 'vc120.pdb' was not found with 'SOIL.lib(SOIL.obj)' or at 'D:\Dropbox\Dropbox\CGE\Course Work\GameTech CW\GraphicsCourseWork\Release\vc120.pdb'; linking object as if no debug info
     1>SOIL.lib(stb_image_aug.obj) : warning LNK4099: PDB 'vc120.pdb' was not found with 'SOIL.lib(stb_image_aug.obj)' or at 'D:\Dropbox\Dropbox\CGE\Course Work\GameTech CW\GraphicsCourseWork\Release\vc120.pdb'; linking object as if no debug info
     1>SOIL.lib(image_helper.obj) : warning LNK4099: PDB 'vc120.pdb' was not found with 'SOIL.lib(image_helper.obj)' or at 'D:\Dropbox\Dropbox\CGE\Course Work\GameTech CW\GraphicsCourseWork\Release\vc120.pdb'; linking object as if no debug info
     1>SOIL.lib(image_DXT.obj) : warning LNK4099: PDB 'vc120.pdb' was not found with 'SOIL.lib(image_DXT.obj)' or at 'D:\Dropbox\Dropbox\CGE\Course Work\GameTech CW\GraphicsCourseWork\Release\vc120.pdb'; linking object as if no debug info
     1>nclgl.lib(Matrix4.obj) : warning LNK4099: PDB 'vc120.pdb' was not found with 'nclgl.lib(Matrix4.obj)' or at 'D:\Dropbox\Dropbox\CGE\Course Work\GameTech CW\GraphicsCourseWork\Release\vc120.pdb'; linking object as if no debug info
     1>nclgl.lib(Mesh.obj) : warning LNK4099: PDB 'vc120.pdb' was not found with 'nclgl.lib(Mesh.obj)' or at 'D:\Dropbox\Dropbox\CGE\Course Work\GameTech CW\GraphicsCourseWork\Release\vc120.pdb'; linking object as if no debug info
     1>nclgl.lib(SceneNode.obj) : warning LNK4099: PDB 'vc120.pdb' was not found with 'nclgl.lib(SceneNode.obj)' or at 'D:\Dropbox\Dropbox\CGE\Course Work\GameTech CW\GraphicsCourseWork\Release\vc120.pdb'; linking object as if no debug info
     1>nclgl.lib(Window.obj) : warning LNK4099: PDB 'vc120.pdb' was not found with 'nclgl.lib(Window.obj)' or at 'D:\Dropbox\Dropbox\CGE\Course Work\GameTech CW\GraphicsCourseWork\Release\vc120.pdb'; linking object as if no debug info
     1>nclgl.lib(OGLRenderer.obj) : warning LNK4099: PDB 'vc120.pdb' was not found with 'nclgl.lib(OGLRenderer.obj)' or at 'D:\Dropbox\Dropbox\CGE\Course Work\GameTech CW\GraphicsCourseWork\Release\vc120.pdb'; linking object as if no debug info
     1>nclgl.lib(GameTimer.obj) : warning LNK4099: PDB 'vc120.pdb' was not found with 'nclgl.lib(GameTimer.obj)' or at 'D:\Dropbox\Dropbox\CGE\Course Work\GameTech CW\GraphicsCourseWork\Release\vc120.pdb'; linking object as if no debug info
     1>nclgl.lib(Keyboard.obj) : warning LNK4099: PDB 'vc120.pdb' was not found with 'nclgl.lib(Keyboard.obj)' or at 'D:\Dropbox\Dropbox\CGE\Course Work\GameTech CW\GraphicsCourseWork\Release\vc120.pdb'; linking object as if no debug info
     1>nclgl.lib(Quaternion.obj) : warning LNK4099: PDB 'vc120.pdb' was not found with 'nclgl.lib(Quaternion.obj)' or at 'D:\Dropbox\Dropbox\CGE\Course Work\GameTech CW\GraphicsCourseWork\Release\vc120.pdb'; linking object as if no debug info
     1>nclgl.lib(Camera.obj) : warning LNK4099: PDB 'vc120.pdb' was not found with 'nclgl.lib(Camera.obj)' or at 'D:\Dropbox\Dropbox\CGE\Course Work\GameTech CW\GraphicsCourseWork\Release\vc120.pdb'; linking object as if no debug info
     1>nclgl.lib(OBJMesh.obj) : warning LNK4099: PDB 'vc120.pdb' was not found with 'nclgl.lib(OBJMesh.obj)' or at 'D:\Dropbox\Dropbox\CGE\Course Work\GameTech CW\GraphicsCourseWork\Release\vc120.pdb'; linking object as if no debug info
     1>nclgl.lib(CubeRobot.obj) : warning LNK4099: PDB 'vc120.pdb' was not found with 'nclgl.lib(CubeRobot.obj)' or at 'D:\Dropbox\Dropbox\CGE\Course Work\GameTech CW\GraphicsCourseWork\Release\vc120.pdb'; linking object as if no debug info
     1>nclgl.lib(HeightMap.obj) : warning LNK4099: PDB 'vc120.pdb' was not found with 'nclgl.lib(HeightMap.obj)' or at 'D:\Dropbox\Dropbox\CGE\Course Work\GameTech CW\GraphicsCourseWork\Release\vc120.pdb'; linking object as if no debug info
     1>nclgl.lib(Shader.obj) : warning LNK4099: PDB 'vc120.pdb' was not found with 'nclgl.lib(Shader.obj)' or at 'D:\Dropbox\Dropbox\CGE\Course Work\GameTech CW\GraphicsCourseWork\Release\vc120.pdb'; linking object as if no debug info
     1>nclgl.lib(ParticleEmitter.obj) : warning LNK4099: PDB 'vc120.pdb' was not found with 'nclgl.lib(ParticleEmitter.obj)' or at 'D:\Dropbox\Dropbox\CGE\Course Work\GameTech CW\GraphicsCourseWork\Release\vc120.pdb'; linking object as if no debug info
     1>nclgl.lib(Frustum.obj) : warning LNK4099: PDB 'vc120.pdb' was not found with 'nclgl.lib(Frustum.obj)' or at 'D:\Dropbox\Dropbox\CGE\Course Work\GameTech CW\GraphicsCourseWork\Release\vc120.pdb'; linking object as if no debug info
     1>nclgl.lib(Mouse.obj) : warning LNK4099: PDB 'vc120.pdb' was not found with 'nclgl.lib(Mouse.obj)' or at 'D:\Dropbox\Dropbox\CGE\Course Work\GameTech CW\GraphicsCourseWork\Release\vc120.pdb'; linking object as if no debug info
     1>nclgl.lib(Plane.obj) : warning LNK4099: PDB 'vc120.pdb' was not found with 'nclgl.lib(Plane.obj)' or at 'D:\Dropbox\Dropbox\CGE\Course Work\GameTech CW\GraphicsCourseWork\Release\vc120.pdb'; linking object as if no debug info
         GraphicsCourseWork.vcxproj -> D:\Dropbox\Dropbox\CGE\Course Work\GameTech CW\GraphicsCourseWork\Release\GraphicsCourseWork.exe
     1>Done Building Project "D:\Dropbox\Dropbox\CGE\Course Work\GameTech CW\GraphicsCourseWork\GraphicsCourseWork\GraphicsCourseWork.vcxproj" (Build target(s)).

Build succeeded.

Time Elapsed 00:00:02.72
