c:\users\tank\dropbox\cge\course work\gametech cw\nclgl\release\vc120.pdb
c:\users\tank\dropbox\cge\course work\gametech cw\nclgl\release\shader.obj
c:\users\tank\dropbox\cge\course work\gametech cw\nclgl\release\scenenode.obj
c:\users\tank\dropbox\cge\course work\gametech cw\nclgl\release\quaternion.obj
c:\users\tank\dropbox\cge\course work\gametech cw\nclgl\release\plane.obj
c:\users\tank\dropbox\cge\course work\gametech cw\nclgl\release\particleemitter.obj
c:\users\tank\dropbox\cge\course work\gametech cw\nclgl\release\oglrenderer.obj
c:\users\tank\dropbox\cge\course work\gametech cw\nclgl\release\objmesh.obj
c:\users\tank\dropbox\cge\course work\gametech cw\nclgl\release\mouse.obj
c:\users\tank\dropbox\cge\course work\gametech cw\nclgl\release\mesh.obj
c:\users\tank\dropbox\cge\course work\gametech cw\nclgl\release\md5node.obj
c:\users\tank\dropbox\cge\course work\gametech cw\nclgl\release\md5mesh.obj
c:\users\tank\dropbox\cge\course work\gametech cw\nclgl\release\md5filedata.obj
c:\users\tank\dropbox\cge\course work\gametech cw\nclgl\release\md5anim.obj
c:\users\tank\dropbox\cge\course work\gametech cw\nclgl\release\matrix4.obj
c:\users\tank\dropbox\cge\course work\gametech cw\nclgl\release\keyboard.obj
c:\users\tank\dropbox\cge\course work\gametech cw\nclgl\release\heightmap.obj
c:\users\tank\dropbox\cge\course work\gametech cw\nclgl\release\gametimer.obj
c:\users\tank\dropbox\cge\course work\gametech cw\nclgl\release\frustum.obj
c:\users\tank\dropbox\cge\course work\gametech cw\nclgl\release\cuberobot.obj
c:\users\tank\dropbox\cge\course work\gametech cw\nclgl\release\camera.obj
c:\users\tank\dropbox\cge\course work\gametech cw\nclgl\release\window.obj
c:\users\tank\dropbox\cge\course work\gametech cw\graphicscoursework\release\nclgl.lib
c:\users\tank\dropbox\cge\course work\gametech cw\nclgl\release\nclgl.tlog\cl.command.1.tlog
c:\users\tank\dropbox\cge\course work\gametech cw\nclgl\release\nclgl.tlog\cl.read.1.tlog
c:\users\tank\dropbox\cge\course work\gametech cw\nclgl\release\nclgl.tlog\cl.write.1.tlog
c:\users\tank\dropbox\cge\course work\gametech cw\nclgl\release\nclgl.tlog\lib-link.read.1.tlog
c:\users\tank\dropbox\cge\course work\gametech cw\nclgl\release\nclgl.tlog\lib-link.write.1.tlog
c:\users\tank\dropbox\cge\course work\gametech cw\nclgl\release\nclgl.tlog\lib.command.1.tlog
